# JRE version: OpenJDK Runtime Environment (17.0.2+8) (build 17.0.2+8-86)
# Java VM: OpenJDK 64-Bit Server VM (17.0.2+8-86, mixed mode, emulated-client, sharing, tiered, compressed oops, compressed class ptrs, g1 gc, windows-amd64)
GC Precious Log:
 CPUs: 8 total, 8 available
 Memory: 12026M
 Large Page Support: Disabled
 NUMA Support: Disabled
 Compressed Oops: Enabled (Zero based)
 Heap Region Size: 2M
 Heap Min Capacity: 8M
 Heap Initial Capacity: 188M
 Heap Max Capacity: 3008M
 Pre-touch: Disabled
 Parallel Workers: 8
 Concurrent Workers: 2
 Concurrent Refinement Workers: 8
 Periodic GC: Disabled
Heap:
 garbage-first heap   total 122880K, used 64655K [0x0000000744000000, 0x0000000800000000)
  region size 2048K, 15 young (30720K), 1 survivors (2048K)
 Metaspace       used 60216K, committed 60928K, reserved 1105920K
  class space    used 8508K, committed 8768K, reserved 1048576K
GC Heap History (20 events):
Event: 17174.385 GC heap before
{Heap before GC invocations=37 (full 0):
 garbage-first heap   total 122880K, used 104189K [0x0000000744000000, 0x0000000800000000)
  region size 2048K, 34 young (69632K), 2 survivors (4096K)
 Metaspace       used 60216K, committed 60928K, reserved 1105920K
  class space    used 8508K, committed 8768K, reserved 1048576K
}
Event: 17174.392 GC heap after
{Heap after GC invocations=38 (full 0):
 garbage-first heap   total 122880K, used 37783K [0x0000000744000000, 0x0000000800000000)
  region size 2048K, 1 young (2048K), 1 survivors (2048K)
 Metaspace       used 60216K, committed 60928K, reserved 1105920K
  class space    used 8508K, committed 8768K, reserved 1048576K
}
Event: 22182.937 GC heap before
{Heap before GC invocations=38 (full 0):
 garbage-first heap   total 122880K, used 105367K [0x0000000744000000, 0x0000000800000000)
  region size 2048K, 34 young (69632K), 1 survivors (2048K)
 Metaspace       used 60216K, committed 60928K, reserved 1105920K
  class space    used 8508K, committed 8768K, reserved 1048576K
}
Event: 22182.940 GC heap after
{Heap after GC invocations=39 (full 0):
 garbage-first heap   total 122880K, used 38240K [0x0000000744000000, 0x0000000800000000)
  region size 2048K, 1 young (2048K), 1 survivors (2048K)
 Metaspace       used 60216K, committed 60928K, reserved 1105920K
  class space    used 8508K, committed 8768K, reserved 1048576K
}
Event: 22903.434 GC heap before
{Heap before GC invocations=39 (full 0):
 garbage-first heap   total 122880K, used 105824K [0x0000000744000000, 0x0000000800000000)
  region size 2048K, 34 young (69632K), 1 survivors (2048K)
 Metaspace       used 60216K, committed 60928K, reserved 1105920K
  class space    used 8508K, committed 8768K, reserved 1048576K
}
Event: 22903.440 GC heap after
{Heap after GC invocations=40 (full 0):
 garbage-first heap   total 122880K, used 38202K [0x0000000744000000, 0x0000000800000000)
  region size 2048K, 1 young (2048K), 1 survivors (2048K)
 Metaspace       used 60216K, committed 60928K, reserved 1105920K
  class space    used 8508K, committed 8768K, reserved 1048576K
}
Event: 23593.840 GC heap before
{Heap before GC invocations=40 (full 0):
 garbage-first heap   total 122880K, used 105786K [0x0000000744000000, 0x0000000800000000)
  region size 2048K, 34 young (69632K), 1 survivors (2048K)
 Metaspace       used 60216K, committed 60928K, reserved 1105920K
  class space    used 8508K, committed 8768K, reserved 1048576K
}
Event: 23593.845 GC heap after
{Heap after GC invocations=41 (full 0):
 garbage-first heap   total 122880K, used 38444K [0x0000000744000000, 0x0000000800000000)
  region size 2048K, 1 young (2048K), 1 survivors (2048K)
 Metaspace       used 60216K, committed 60928K, reserved 1105920K
  class space    used 8508K, committed 8768K, reserved 1048576K
}
Event: 24314.200 GC heap before
{Heap before GC invocations=41 (full 0):
 garbage-first heap   total 122880K, used 106028K [0x0000000744000000, 0x0000000800000000)
  region size 2048K, 34 young (69632K), 1 survivors (2048K)
 Metaspace       used 60216K, committed 60928K, reserved 1105920K
  class space    used 8508K, committed 8768K, reserved 1048576K
}
Event: 24314.202 GC heap after
{Heap after GC invocations=42 (full 0):
 garbage-first heap   total 122880K, used 38305K [0x0000000744000000, 0x0000000800000000)
  region size 2048K, 1 young (2048K), 1 survivors (2048K)
 Metaspace       used 60216K, committed 60928K, reserved 1105920K
  class space    used 8508K, committed 8768K, reserved 1048576K
}
Event: 25034.664 GC heap before
{Heap before GC invocations=42 (full 0):
 garbage-first heap   total 122880K, used 105889K [0x0000000744000000, 0x0000000800000000)
  region size 2048K, 34 young (69632K), 1 survivors (2048K)
 Metaspace       used 60216K, committed 60928K, reserved 1105920K
  class space    used 8508K, committed 8768K, reserved 1048576K
}
Event: 25034.669 GC heap after
{Heap after GC invocations=43 (full 0):
 garbage-first heap   total 122880K, used 38218K [0x0000000744000000, 0x0000000800000000)
  region size 2048K, 1 young (2048K), 1 survivors (2048K)
 Metaspace       used 60216K, committed 60928K, reserved 1105920K
  class space    used 8508K, committed 8768K, reserved 1048576K
}
Event: 25725.153 GC heap before
{Heap before GC invocations=43 (full 0):
 garbage-first heap   total 122880K, used 105802K [0x0000000744000000, 0x0000000800000000)
  region size 2048K, 34 young (69632K), 1 survivors (2048K)
 Metaspace       used 60216K, committed 60928K, reserved 1105920K
  class space    used 8508K, committed 8768K, reserved 1048576K
}
Event: 25725.157 GC heap after
{Heap after GC invocations=44 (full 0):
 garbage-first heap   total 122880K, used 38619K [0x0000000744000000, 0x0000000800000000)
  region size 2048K, 1 young (2048K), 1 survivors (2048K)
 Metaspace       used 60216K, committed 60928K, reserved 1105920K
  class space    used 8508K, committed 8768K, reserved 1048576K
}
Event: 26445.628 GC heap before
{Heap before GC invocations=44 (full 0):
 garbage-first heap   total 122880K, used 106203K [0x0000000744000000, 0x0000000800000000)
  region size 2048K, 34 young (69632K), 1 survivors (2048K)
 Metaspace       used 60216K, committed 60928K, reserved 1105920K
  class space    used 8508K, committed 8768K, reserved 1048576K
}
Event: 26445.630 GC heap after
{Heap after GC invocations=45 (full 0):
 garbage-first heap   total 122880K, used 38299K [0x0000000744000000, 0x0000000800000000)
  region size 2048K, 1 young (2048K), 1 survivors (2048K)
 Metaspace       used 60216K, committed 60928K, reserved 1105920K
  class space    used 8508K, committed 8768K, reserved 1048576K
}
Event: 27136.008 GC heap before
{Heap before GC invocations=45 (full 0):
 garbage-first heap   total 122880K, used 105883K [0x0000000744000000, 0x0000000800000000)
  region size 2048K, 34 young (69632K), 1 survivors (2048K)
 Metaspace       used 60216K, committed 60928K, reserved 1105920K
  class space    used 8508K, committed 8768K, reserved 1048576K
}
Event: 27136.012 GC heap after
{Heap after GC invocations=46 (full 0):
 garbage-first heap   total 122880K, used 38549K [0x0000000744000000, 0x0000000800000000)
  region size 2048K, 1 young (2048K), 1 survivors (2048K)
 Metaspace       used 60216K, committed 60928K, reserved 1105920K
  class space    used 8508K, committed 8768K, reserved 1048576K
}
Event: 27856.469 GC heap before
{Heap before GC invocations=46 (full 0):
 garbage-first heap   total 122880K, used 106133K [0x0000000744000000, 0x0000000800000000)
  region size 2048K, 34 young (69632K), 1 survivors (2048K)
 Metaspace       used 60216K, committed 60928K, reserved 1105920K
  class space    used 8508K, committed 8768K, reserved 1048576K
}
Event: 27856.472 GC heap after
{Heap after GC invocations=47 (full 0):
 garbage-first heap   total 122880K, used 38031K [0x0000000744000000, 0x0000000800000000)
  region size 2048K, 1 young (2048K), 1 survivors (2048K)
 Metaspace       used 60216K, committed 60928K, reserved 1105920K
  class space    used 8508K, committed 8768K, reserved 1048576K
}

